This is pdfTeX, Version 3.14159265-2.6-1.40.21 (MiKTeX 21.1) (preloaded format=pdflatex 2021.2.24)  26 MAR 2021 11:30
entering extended mode
**./conference_101719.tex
(conference_101719.tex
LaTeX2e <2020-10-01> patch level 4
L3 programming layer <2021-01-09> xparse <2020-03-03> (IEEEtran.cls
Document Class: IEEEtran 2015/08/26 V1.8b by Michael Shell
-- See the "IEEEtran_HOWTO" manual for usage information.
-- http://www.michaelshell.org/tex/ieeetran/
\@IEEEtrantmpdimenA=\dimen138
\@IEEEtrantmpdimenB=\dimen139
\@IEEEtrantmpdimenC=\dimen140
\@IEEEtrantmpcountA=\count177
\@IEEEtrantmpcountB=\count178
\@IEEEtrantmpcountC=\count179
\@IEEEtrantmptoksA=\toks15
LaTeX Font Info:    Trying to load font information for OT1+ptm on input line 5
03.
("C:\Program Files\MiKTeX\tex/latex/psnfss\ot1ptm.fd"
File: ot1ptm.fd 2001/06/04 font definitions for OT1/ptm.
)
-- Using 8.5in x 11in (letter) paper.
-- Using PDF output.
\@IEEEnormalsizeunitybaselineskip=\dimen141
-- This is a 10 point document.
\CLASSINFOnormalsizebaselineskip=\dimen142
\CLASSINFOnormalsizeunitybaselineskip=\dimen143
\IEEEnormaljot=\dimen144
LaTeX Font Info:    Font shape `OT1/ptm/bx/n' in size <5> not available
(Font)              Font shape `OT1/ptm/b/n' tried instead on input line 1090.
LaTeX Font Info:    Font shape `OT1/ptm/bx/it' in size <5> not available
(Font)              Font shape `OT1/ptm/b/it' tried instead on input line 1090.

LaTeX Font Info:    Font shape `OT1/ptm/bx/n' in size <7> not available
(Font)              Font shape `OT1/ptm/b/n' tried instead on input line 1090.
LaTeX Font Info:    Font shape `OT1/ptm/bx/it' in size <7> not available
(Font)              Font shape `OT1/ptm/b/it' tried instead on input line 1090.

LaTeX Font Info:    Font shape `OT1/ptm/bx/n' in size <8> not available
(Font)              Font shape `OT1/ptm/b/n' tried instead on input line 1090.
LaTeX Font Info:    Font shape `OT1/ptm/bx/it' in size <8> not available
(Font)              Font shape `OT1/ptm/b/it' tried instead on input line 1090.

LaTeX Font Info:    Font shape `OT1/ptm/bx/n' in size <9> not available
(Font)              Font shape `OT1/ptm/b/n' tried instead on input line 1090.
LaTeX Font Info:    Font shape `OT1/ptm/bx/it' in size <9> not available
(Font)              Font shape `OT1/ptm/b/it' tried instead on input line 1090.

LaTeX Font Info:    Font shape `OT1/ptm/bx/n' in size <10> not available
(Font)              Font shape `OT1/ptm/b/n' tried instead on input line 1090.
LaTeX Font Info:    Font shape `OT1/ptm/bx/it' in size <10> not available
(Font)              Font shape `OT1/ptm/b/it' tried instead on input line 1090.

LaTeX Font Info:    Font shape `OT1/ptm/bx/n' in size <11> not available
(Font)              Font shape `OT1/ptm/b/n' tried instead on input line 1090.
LaTeX Font Info:    Font shape `OT1/ptm/bx/it' in size <11> not available
(Font)              Font shape `OT1/ptm/b/it' tried instead on input line 1090.

LaTeX Font Info:    Font shape `OT1/ptm/bx/n' in size <12> not available
(Font)              Font shape `OT1/ptm/b/n' tried instead on input line 1090.
LaTeX Font Info:    Font shape `OT1/ptm/bx/it' in size <12> not available
(Font)              Font shape `OT1/ptm/b/it' tried instead on input line 1090.

LaTeX Font Info:    Font shape `OT1/ptm/bx/n' in size <17> not available
(Font)              Font shape `OT1/ptm/b/n' tried instead on input line 1090.
LaTeX Font Info:    Font shape `OT1/ptm/bx/it' in size <17> not available
(Font)              Font shape `OT1/ptm/b/it' tried instead on input line 1090.

LaTeX Font Info:    Font shape `OT1/ptm/bx/n' in size <20> not available
(Font)              Font shape `OT1/ptm/b/n' tried instead on input line 1090.
LaTeX Font Info:    Font shape `OT1/ptm/bx/it' in size <20> not available
(Font)              Font shape `OT1/ptm/b/it' tried instead on input line 1090.

LaTeX Font Info:    Font shape `OT1/ptm/bx/n' in size <24> not available
(Font)              Font shape `OT1/ptm/b/n' tried instead on input line 1090.
LaTeX Font Info:    Font shape `OT1/ptm/bx/it' in size <24> not available
(Font)              Font shape `OT1/ptm/b/it' tried instead on input line 1090.

\IEEEquantizedlength=\dimen145
\IEEEquantizedlengthdiff=\dimen146
\IEEEquantizedtextheightdiff=\dimen147
\IEEEilabelindentA=\dimen148
\IEEEilabelindentB=\dimen149
\IEEEilabelindent=\dimen150
\IEEEelabelindent=\dimen151
\IEEEdlabelindent=\dimen152
\IEEElabelindent=\dimen153
\IEEEiednormlabelsep=\dimen154
\IEEEiedmathlabelsep=\dimen155
\IEEEiedtopsep=\skip47
\c@section=\count180
\c@subsection=\count181
\c@subsubsection=\count182
\c@paragraph=\count183
\c@IEEEsubequation=\count184
\abovecaptionskip=\skip48
\belowcaptionskip=\skip49
\c@figure=\count185
\c@table=\count186
\@IEEEeqnnumcols=\count187
\@IEEEeqncolcnt=\count188
\@IEEEsubeqnnumrollback=\count189
\@IEEEquantizeheightA=\dimen156
\@IEEEquantizeheightB=\dimen157
\@IEEEquantizeheightC=\dimen158
\@IEEEquantizeprevdepth=\dimen159
\@IEEEquantizemultiple=\count190
\@IEEEquantizeboxA=\box47
\@IEEEtmpitemindent=\dimen160
\IEEEPARstartletwidth=\dimen161
\c@IEEEbiography=\count191
\@IEEEtranrubishbin=\box48
)
** ATTENTION: Overriding command lockouts (line 2).
("C:\Program Files\MiKTeX\tex/latex/cite\cite.sty"
LaTeX Info: Redefining \cite on input line 302.
LaTeX Info: Redefining \nocite on input line 332.
Package: cite 2015/02/27  v 5.5
)
("C:\Program Files\MiKTeX\tex/latex/amsmath\amsmath.sty"
Package: amsmath 2020/09/23 v2.17i AMS math features
\@mathmargin=\skip50

For additional information on amsmath, use the `?' option.
("C:\Program Files\MiKTeX\tex/latex/amsmath\amstext.sty"
Package: amstext 2000/06/29 v2.01 AMS text

("C:\Program Files\MiKTeX\tex/latex/amsmath\amsgen.sty"
File: amsgen.sty 1999/11/30 v2.0 generic functions
\@emptytoks=\toks16
\ex@=\dimen162
))
("C:\Program Files\MiKTeX\tex/latex/amsmath\amsbsy.sty"
Package: amsbsy 1999/11/29 v1.2d Bold Symbols
\pmbraise@=\dimen163
)
("C:\Program Files\MiKTeX\tex/latex/amsmath\amsopn.sty"
Package: amsopn 2016/03/08 v2.02 operator names
)
\inf@bad=\count192
LaTeX Info: Redefining \frac on input line 234.
\uproot@=\count193
\leftroot@=\count194
LaTeX Info: Redefining \overline on input line 399.
\classnum@=\count195
\DOTSCASE@=\count196
LaTeX Info: Redefining \ldots on input line 496.
LaTeX Info: Redefining \dots on input line 499.
LaTeX Info: Redefining \cdots on input line 620.
\Mathstrutbox@=\box49
\strutbox@=\box50
\big@size=\dimen164
LaTeX Font Info:    Redeclaring font encoding OML on input line 743.
LaTeX Font Info:    Redeclaring font encoding OMS on input line 744.
\macc@depth=\count197
\c@MaxMatrixCols=\count198
\dotsspace@=\muskip16
\c@parentequation=\count199
\dspbrk@lvl=\count266
\tag@help=\toks17
\row@=\count267
\column@=\count268
\maxfields@=\count269
\andhelp@=\toks18
\eqnshift@=\dimen165
\alignsep@=\dimen166
\tagshift@=\dimen167
\tagwidth@=\dimen168
\totwidth@=\dimen169
\lineht@=\dimen170
\@envbody=\toks19
\multlinegap=\skip51
\multlinetaggap=\skip52
\mathdisplay@stack=\toks20
LaTeX Info: Redefining \[ on input line 2923.
LaTeX Info: Redefining \] on input line 2924.
)
("C:\Program Files\MiKTeX\tex/latex/amsfonts\amssymb.sty"
Package: amssymb 2013/01/14 v3.01 AMS font symbols

("C:\Program Files\MiKTeX\tex/latex/amsfonts\amsfonts.sty"
Package: amsfonts 2013/01/14 v3.01 Basic AMSFonts support
\symAMSa=\mathgroup4
\symAMSb=\mathgroup5
LaTeX Font Info:    Redeclaring math symbol \hbar on input line 98.
LaTeX Font Info:    Overwriting math alphabet `\mathfrak' in version `bold'
(Font)                  U/euf/m/n --> U/euf/b/n on input line 106.
))
("C:\Program Files\MiKTeX\tex/latex/algorithms\algorithmic.sty"
Package: algorithmic 2009/08/24 v0.1 Document Style `algorithmic'

("C:\Program Files\MiKTeX\tex/latex/base\ifthen.sty"
Package: ifthen 2014/09/29 v1.1c Standard LaTeX ifthen package (DPC)
)
("C:\Program Files\MiKTeX\tex/latex/graphics\keyval.sty"
Package: keyval 2014/10/28 v1.15 key=value parser (DPC)
\KV@toks@=\toks21
)
\c@ALC@unique=\count270
\c@ALC@line=\count271
\c@ALC@rem=\count272
\c@ALC@depth=\count273
\ALC@tlm=\skip53
\algorithmicindent=\skip54
)
("C:\Program Files\MiKTeX\tex/latex/graphics\graphicx.sty"
Package: graphicx 2020/09/09 v1.2b Enhanced LaTeX Graphics (DPC,SPQR)

("C:\Program Files\MiKTeX\tex/latex/graphics\graphics.sty"
Package: graphics 2020/08/30 v1.4c Standard LaTeX Graphics (DPC,SPQR)

("C:\Program Files\MiKTeX\tex/latex/graphics\trig.sty"
Package: trig 2016/01/03 v1.10 sin cos tan (DPC)
)
("C:\Program Files\MiKTeX\tex/latex/graphics-cfg\graphics.cfg"
File: graphics.cfg 2016/06/04 v1.11 sample graphics configuration
)
Package graphics Info: Driver file: pdftex.def on input line 105.

("C:\Program Files\MiKTeX\tex/latex/graphics-def\pdftex.def"
File: pdftex.def 2020/10/05 v1.2a Graphics/color driver for pdftex
))
\Gin@req@height=\dimen171
\Gin@req@width=\dimen172
)
("C:\Program Files\MiKTeX\tex/latex/base\textcomp.sty"
Package: textcomp 2020/02/02 v2.0n Standard LaTeX package
)
("C:\Program Files\MiKTeX\tex/latex/xcolor\xcolor.sty"
Package: xcolor 2016/05/11 v2.12 LaTeX color extensions (UK)

("C:\Program Files\MiKTeX\tex/latex/graphics-cfg\color.cfg"
File: color.cfg 2016/01/02 v1.6 sample color configuration
)
Package xcolor Info: Driver file: pdftex.def on input line 225.
Package xcolor Info: Model `cmy' substituted by `cmy0' on input line 1348.
Package xcolor Info: Model `hsb' substituted by `rgb' on input line 1352.
Package xcolor Info: Model `RGB' extended on input line 1364.
Package xcolor Info: Model `HTML' substituted by `rgb' on input line 1366.
Package xcolor Info: Model `Hsb' substituted by `hsb' on input line 1367.
Package xcolor Info: Model `tHsb' substituted by `hsb' on input line 1368.
Package xcolor Info: Model `HSB' substituted by `hsb' on input line 1369.
Package xcolor Info: Model `Gray' substituted by `gray' on input line 1370.
Package xcolor Info: Model `wave' substituted by `hsb' on input line 1371.
)
("C:\Program Files\MiKTeX\tex/latex/subfigure\subfigure.sty"
Package: subfigure 2002/07/30 v2.1.4 subfigure package
\subfigtopskip=\skip55
\subfigcapskip=\skip56
\subfigcaptopadj=\dimen173
\subfigbottomskip=\skip57
\subfigcapmargin=\dimen174
\subfiglabelskip=\skip58
\c@subfigure=\count274
\c@lofdepth=\count275
\c@subtable=\count276
\c@lotdepth=\count277

****************************************
* Local config file subfigure.cfg used *
****************************************
("C:\Program Files\MiKTeX\tex/latex/subfigure\subfigure.cfg")
\subfig@top=\skip59
\subfig@bottom=\skip60
)
("C:\Program Files\MiKTeX\tex/latex/cases\cases.sty"
Package: cases 2020/03/29 ver 3.2
\numc@numwid=\dimen175
)
("C:\Program Files\MiKTeX\tex/latex/l3backend\l3backend-pdftex.def"
File: l3backend-pdftex.def 2021-01-09 L3 backend support: PDF output (pdfTeX)
\l__kernel_color_stack_int=\count278
\l__pdf_internal_box=\box51
)
(conference_101719.aux

LaTeX Warning: Label `eq:2dchaoticmap' multiply defined.


LaTeX Warning: Label `fig:timecomparison' multiply defined.


LaTeX Warning: Label `fig:timecomparison' multiply defined.

)
\openout1 = `conference_101719.aux'.

LaTeX Font Info:    Checking defaults for OML/cmm/m/it on input line 14.
LaTeX Font Info:    ... okay on input line 14.
LaTeX Font Info:    Checking defaults for OMS/cmsy/m/n on input line 14.
LaTeX Font Info:    ... okay on input line 14.
LaTeX Font Info:    Checking defaults for OT1/cmr/m/n on input line 14.
LaTeX Font Info:    ... okay on input line 14.
LaTeX Font Info:    Checking defaults for T1/cmr/m/n on input line 14.
LaTeX Font Info:    ... okay on input line 14.
LaTeX Font Info:    Checking defaults for TS1/cmr/m/n on input line 14.
LaTeX Font Info:    ... okay on input line 14.
LaTeX Font Info:    Checking defaults for OMX/cmex/m/n on input line 14.
LaTeX Font Info:    ... okay on input line 14.
LaTeX Font Info:    Checking defaults for U/cmr/m/n on input line 14.
LaTeX Font Info:    ... okay on input line 14.

-- Lines per column: 56 (exact).
("C:\Program Files\MiKTeX\tex/context/base/mkii\supp-pdf.mkii"
[Loading MPS to PDF converter (version 2006.09.02).]
\scratchcounter=\count279
\scratchdimen=\dimen176
\scratchbox=\box52
\nofMPsegments=\count280
\nofMParguments=\count281
\everyMPshowfont=\toks22
\MPscratchCnt=\count282
\MPscratchDim=\dimen177
\MPnumerator=\count283
\makeMPintoPDFobject=\count284
\everyMPtoPDFconversion=\toks23
) ("C:\Program Files\MiKTeX\tex/latex/epstopdf-pkg\epstopdf-base.sty"
Package: epstopdf-base 2020-01-24 v2.11 Base part for package epstopdf
Package epstopdf-base Info: Redefining graphics rule for `.eps' on input line 4
85.
)
LaTeX Font Info:    Trying to load font information for U+msa on input line 59.


("C:\Program Files\MiKTeX\tex/latex/amsfonts\umsa.fd"
File: umsa.fd 2013/01/14 v3.01 AMS symbols A
)
LaTeX Font Info:    Trying to load font information for U+msb on input line 59.


("C:\Program Files\MiKTeX\tex/latex/amsfonts\umsb.fd"
File: umsb.fd 2013/01/14 v3.01 AMS symbols B
)
LaTeX Font Info:    Calculating math sizes for size <11> on input line 59.


pdfTeX warning: pdflatex.exe (file ./steganoImage.pdf): PDF inclusion: found PD
F version <1.7>, but at most version <1.5> allowed
<steganoImage.pdf, id=1, 287.15279pt x 182.6022pt>
File: steganoImage.pdf Graphic file (type pdf)
<use steganoImage.pdf>
Package pdftex.def Info: steganoImage.pdf  used on input line 77.
(pdftex.def)             Requested size: 216.81pt x 137.87357pt.

LaTeX Warning: `!h' float specifier changed to `!ht'.

[1{C:/Users/Admin/AppData/Local/MiKTeX/pdftex/config/pdftex.map}


 <./steganoImage.pdf>]
Underfull \hbox (badness 10000) in paragraph at lines 99--100

 []



pdfTeX warning: pdflatex.exe (file ./process.pdf): PDF inclusion: found PDF ver
sion <1.7>, but at most version <1.5> allowed
<./process.pdf, id=21, 117.3183pt x 218.7372pt>
File: ./process.pdf Graphic file (type pdf)
<use ./process.pdf>
Package pdftex.def Info: ./process.pdf  used on input line 114.
(pdftex.def)             Requested size: 144.54588pt x 216.8108pt.
[2 <./process.pdf>]

pdfTeX warning: pdflatex.exe (file ./Catmap.pdf): PDF inclusion: found PDF vers
ion <1.7>, but at most version <1.5> allowed
<./Catmap.pdf, id=34, 417.47968pt x 265.9536pt>
File: ./Catmap.pdf Graphic file (type pdf)
<use ./Catmap.pdf>
Package pdftex.def Info: ./Catmap.pdf  used on input line 142.
(pdftex.def)             Requested size: 232.19843pt x 147.92252pt.
[3 <./Catmap.pdf>]
Underfull \hbox (badness 10000) in paragraph at lines 185--187

 []


Overfull \hbox (8.8799pt too wide) in paragraph at lines 220--220
[]\OT1/ptm/m/n/8 (a) 
 []

<./image/IMG-0004-00001.jpg, id=55, 513.92pt x 513.92pt>
File: ./image/IMG-0004-00001.jpg Graphic file (type jpg)
<use ./image/IMG-0004-00001.jpg>
Package pdftex.def Info: ./image/IMG-0004-00001.jpg  used on input line 222.
(pdftex.def)             Requested size: 56.89993pt x 56.89993pt.

Overfull \hbox (9.32794pt too wide) in paragraph at lines 224--224
[]\OT1/ptm/m/n/8 (b) 
 []

<./image/IMG-0004-00002.jpg, id=56, 513.92pt x 513.92pt>
File: ./image/IMG-0004-00002.jpg Graphic file (type jpg)
<use ./image/IMG-0004-00002.jpg>
Package pdftex.def Info: ./image/IMG-0004-00002.jpg  used on input line 225.
(pdftex.def)             Requested size: 56.89993pt x 56.89993pt.

Overfull \hbox (8.8799pt too wide) in paragraph at lines 227--227
[]\OT1/ptm/m/n/8 (c) 
 []

<./image/IMG-0004-00003.jpg, id=57, 513.92pt x 513.92pt>
File: ./image/IMG-0004-00003.jpg Graphic file (type jpg)
<use ./image/IMG-0004-00003.jpg>
Package pdftex.def Info: ./image/IMG-0004-00003.jpg  used on input line 229.
(pdftex.def)             Requested size: 56.89993pt x 56.89993pt.

Overfull \hbox (9.32794pt too wide) in paragraph at lines 232--232
[]\OT1/ptm/m/n/8 (d) 
 []

<./image/IMG-0004-00004.jpg, id=58, 513.92pt x 513.92pt>
File: ./image/IMG-0004-00004.jpg Graphic file (type jpg)
<use ./image/IMG-0004-00004.jpg>
Package pdftex.def Info: ./image/IMG-0004-00004.jpg  used on input line 234.
(pdftex.def)             Requested size: 56.89993pt x 56.89993pt.

Overfull \hbox (8.8799pt too wide) in paragraph at lines 236--236
[]\OT1/ptm/m/n/8 (e) 
 []

<./image/IMG-0004-00005.jpg, id=59, 513.92pt x 513.92pt>
File: ./image/IMG-0004-00005.jpg Graphic file (type jpg)
<use ./image/IMG-0004-00005.jpg>
Package pdftex.def Info: ./image/IMG-0004-00005.jpg  used on input line 238.
(pdftex.def)             Requested size: 56.89993pt x 56.89993pt.
<histogram1.pdf, id=60, 224.84pt x 217.81375pt>
File: histogram1.pdf Graphic file (type pdf)
<use histogram1.pdf>
Package pdftex.def Info: histogram1.pdf  used on input line 246.
(pdftex.def)             Requested size: 108.4057pt x 72.26761pt.
<histogram2.pdf, id=61, 224.84pt x 217.81375pt>
File: histogram2.pdf Graphic file (type pdf)
<use histogram2.pdf>
Package pdftex.def Info: histogram2.pdf  used on input line 248.
(pdftex.def)             Requested size: 108.4057pt x 72.26761pt.
<histogram3.pdf, id=62, 224.84pt x 217.81375pt>
File: histogram3.pdf Graphic file (type pdf)
<use histogram3.pdf>
Package pdftex.def Info: histogram3.pdf  used on input line 250.
(pdftex.def)             Requested size: 108.4057pt x 72.26761pt.
<histogram4.pdf, id=63, 224.84pt x 217.81375pt>
File: histogram4.pdf Graphic file (type pdf)
<use histogram4.pdf>
Package pdftex.def Info: histogram4.pdf  used on input line 252.
(pdftex.def)             Requested size: 108.4057pt x 72.26761pt.

Underfull \hbox (badness 10000) in paragraph at lines 246--253

 []

<TimeSpeedEmbedrp10to1000.pdf, id=64, 456.70625pt x 230.8625pt>
File: TimeSpeedEmbedrp10to1000.pdf Graphic file (type pdf)
<use TimeSpeedEmbedrp10to1000.pdf>
Package pdftex.def Info: TimeSpeedEmbedrp10to1000.pdf  used on input line 297.
(pdftex.def)             Requested size: 108.39917pt x 65.04263pt.
<TimeSpeedTotalrp10to1000.pdf, id=65, 456.70625pt x 232.87pt>
File: TimeSpeedTotalrp10to1000.pdf Graphic file (type pdf)
<use TimeSpeedTotalrp10to1000.pdf>
Package pdftex.def Info: TimeSpeedTotalrp10to1000.pdf  used on input line 299.
(pdftex.def)             Requested size: 108.39917pt x 65.03969pt.

Underfull \hbox (badness 3209) in paragraph at lines 299--299
[]\OT1/ptm/m/n/8 (b) Em-bed-ding and ex-tract-ing
 []

<TimeSpeedEmbedrp1000to10000.pdf, id=66, 525.965pt x 242.9075pt>
File: TimeSpeedEmbedrp1000to10000.pdf Graphic file (type pdf)
<use TimeSpeedEmbedrp1000to10000.pdf>
Package pdftex.def Info: TimeSpeedEmbedrp1000to10000.pdf  used on input line 30
5.
(pdftex.def)             Requested size: 108.40135pt x 65.04105pt.
<TimeSpeedTotalrp1000to10000.pdf, id=67, 525.965pt x 242.9075pt>
File: TimeSpeedTotalrp1000to10000.pdf Graphic file (type pdf)
<use TimeSpeedTotalrp1000to10000.pdf>
Package pdftex.def Info: TimeSpeedTotalrp1000to10000.pdf  used on input line 30
7.
(pdftex.def)             Requested size: 108.40135pt x 65.04105pt.

Underfull \hbox (badness 3209) in paragraph at lines 307--307
[]\OT1/ptm/m/n/8 (b) Em-bed-ding and ex-tract-ing
 []

[4 <./image/IMG-0004-00001.jpg> <./image/IMG-0004-00002.jpg> <./image/IMG-0004-
00003.jpg> <./image/IMG-0004-00004.jpg> <./image/IMG-0004-00005.jpg>]

** Conference Paper **
Before submitting the final camera ready copy, remember to:

 1. Manually equalize the lengths of two columns on the last page
 of your paper;

 2. Ensure that any PostScript and/or PDF output post-processing
 uses only Type 1 fonts and that every step in the generation
 process uses the appropriate paper size.

[5 <./histogram1.pdf> <./histogram2.pdf> <./histogram3.pdf> <./histogram4.pdf> 
<./TimeSpeedEmbedrp10to1000.pdf> <./TimeSpeedTotalrp10to1000.pdf> <./TimeSpeedE
mbedrp1000to10000.pdf> <./TimeSpeedTotalrp1000to10000.pdf>]
(conference_101719.aux)

LaTeX Warning: There were multiply-defined labels.

 ) 
Here is how much of TeX's memory you used:
 4288 strings out of 479618
 63172 string characters out of 2874902
 374158 words of memory out of 3000000
 21405 multiletter control sequences out of 15000+200000
 454506 words of font info for 128 fonts, out of 3000000 for 9000
 1141 hyphenation exceptions out of 8191
 68i,11n,74p,1165b,295s stack positions out of 5000i,500n,10000p,200000b,50000s
{C:/Program Files/MiKTeX/fonts/enc/dvips/base/8r.enc}<C:/Program Files/MiKTeX
/fonts/type1/public/amsfonts/cm/cmex10.pfb><C:/Program Files/MiKTeX/fonts/type1
/public/amsfonts/cm/cmmi10.pfb><C:/Program Files/MiKTeX/fonts/type1/public/amsf
onts/cm/cmmi6.pfb><C:/Program Files/MiKTeX/fonts/type1/public/amsfonts/cm/cmmi7
.pfb><C:/Program Files/MiKTeX/fonts/type1/public/amsfonts/cm/cmmi8.pfb><C:/Prog
ram Files/MiKTeX/fonts/type1/public/amsfonts/cm/cmr10.pfb><C:/Program Files/MiK
TeX/fonts/type1/public/amsfonts/cm/cmr6.pfb><C:/Program Files/MiKTeX/fonts/type
1/public/amsfonts/cm/cmr7.pfb><C:/Program Files/MiKTeX/fonts/type1/public/amsfo
nts/cm/cmr8.pfb><C:/Program Files/MiKTeX/fonts/type1/public/amsfonts/cm/cmsy10.
pfb><C:/Program Files/MiKTeX/fonts/type1/public/amsfonts/cm/cmsy7.pfb><C:/Progr
am Files/MiKTeX/fonts/type1/public/amsfonts/cm/cmsy8.pfb><C:/Program Files/MiKT
eX/fonts/type1/urw/times/utmb8a.pfb><C:/Program Files/MiKTeX/fonts/type1/urw/ti
mes/utmbi8a.pfb><C:/Program Files/MiKTeX/fonts/type1/urw/times/utmr8a.pfb><C:/P
rogram Files/MiKTeX/fonts/type1/urw/times/utmr8a.pfb><C:/Program Files/MiKTeX/f
onts/type1/urw/times/utmri8a.pfb>
Output written on conference_101719.pdf (5 pages, 704689 bytes).
PDF statistics:
 153 PDF objects out of 1000 (max. 8388607)
 0 named destinations out of 1000 (max. 500000)
 81 words of extra memory for PDF output out of 10000 (max. 10000000)

